Command line:
./run.sh calculix /home/chihmin/gem5/out 4 128 132
================= Hardcoded directories ==================
GEM5_DIR:                                     /home/chihmin/gem5
SPEC_DIR:                                     /home/chihmin/gem5/GEM5_SPEC2006
==================== Script inputs =======================
BENCHMARK:                                    calculix
OUTPUT_DIR:                                   /home/chihmin/gem5/out
==========================================================
Changing to SPEC benchmark runtime directory: /home/chihmin/gem5/GEM5_SPEC2006/bin


--------- Here goes nothing! Starting gem5! ------------


gem5 Simulator System.  http://gem5.org
gem5 is copyrighted software; use the --copyright option for details.

gem5 compiled Oct  4 2015 10:57:13
gem5 started Oct 16 2015 23:05:05
gem5 executing on vditest0
command line: /home/chihmin/gem5/build/ALPHA_MOESI_CMP_directory/gem5.fast --outdir=/home/chihmin/gem5/out /home/chihmin/gem5/configs/example/spec06_config.py --cpu-type=timing --cpu-clock 2GHz --mem-size=1024MB --caches --l1d_size=4kB --l1i_size=128kB --benchmark=calculix --benchmark_stdout=/home/chihmin/gem5/out/calculix_4kB_128kB.out --benchmark_stderr=/home/chihmin/gem5/out/calculix_4kB_128kB.err

Selected SPEC_CPU2006 benchmark
--> calculix
Process stdout file: /home/chihmin/gem5/out/calculix_4kB_128kB.out
Process stderr file: /home/chihmin/gem5/out/calculix_4kB_128kB.err
['454.calculix_base.alpha-gem5', '-i', 'hyperviscoplastic']
Global frequency set at 1000000000000 ticks per second
**** REAL SIMULATION ****
info: Entering event queue @ 0.  Starting simulation...
info: Increasing stack size by one page.
info: Increasing stack size by one page.
Exiting @ tick 141194000 because target called exit()
