Command line:
./run.sh bwaves /home/chihmin/gem5/out 8 512 520
================= Hardcoded directories ==================
GEM5_DIR:                                     /home/chihmin/gem5
SPEC_DIR:                                     /home/chihmin/gem5/GEM5_SPEC2006
==================== Script inputs =======================
BENCHMARK:                                    bwaves
OUTPUT_DIR:                                   /home/chihmin/gem5/out
==========================================================
Changing to SPEC benchmark runtime directory: /home/chihmin/gem5/GEM5_SPEC2006/bin


--------- Here goes nothing! Starting gem5! ------------


gem5 Simulator System.  http://gem5.org
gem5 is copyrighted software; use the --copyright option for details.

gem5 compiled Oct  4 2015 10:57:13
gem5 started Oct 16 2015 23:18:13
gem5 executing on vditest0
command line: /home/chihmin/gem5/build/ALPHA_MOESI_CMP_directory/gem5.fast --outdir=/home/chihmin/gem5/out /home/chihmin/gem5/configs/example/spec06_config.py --cpu-type=timing --cpu-clock 2GHz --mem-size=1024MB --caches --l1d_size=8kB --l1i_size=512kB --benchmark=bwaves --benchmark_stdout=/home/chihmin/gem5/out/bwaves_8kB_512kB.out --benchmark_stderr=/home/chihmin/gem5/out/bwaves_8kB_512kB.err

Selected SPEC_CPU2006 benchmark
--> bwaves
Process stdout file: /home/chihmin/gem5/out/bwaves_8kB_512kB.out
Process stderr file: /home/chihmin/gem5/out/bwaves_8kB_512kB.err
['410.bwaves_base.alpha-gem5']
Global frequency set at 1000000000000 ticks per second
**** REAL SIMULATION ****
info: Entering event queue @ 0.  Starting simulation...
info: Increasing stack size by one page.
Exiting @ tick 205167000 because target called exit()
