cycle 0
$00: 0x00000000
$01: 0x00000000
$02: 0x00000000
$03: 0x00000000
$04: 0x00000000
$05: 0x00000000
$06: 0x00000000
$07: 0x00000000
$08: 0x00000000
$09: 0x00000000
$10: 0x00000000
$11: 0x00000000
$12: 0x00000000
$13: 0x00000000
$14: 0x00000000
$15: 0x00000000
$16: 0x00000000
$17: 0x00000000
$18: 0x00000000
$19: 0x00000000
$20: 0x00000000
$21: 0x00000000
$22: 0x00000000
$23: 0x00000000
$24: 0x00000000
$25: 0x00000000
$26: 0x00000000
$27: 0x00000000
$28: 0x00000000
$29: 0x00000200
$30: 0x00000000
$31: 0x00000000
PC: 0x00000000


cycle 1
$00: 0x00000000
$01: 0x00000000
$02: 0x00000000
$03: 0x0000A5C3
$04: 0x00000000
$05: 0x00000000
$06: 0x00000000
$07: 0x00000000
$08: 0x00000000
$09: 0x00000000
$10: 0x00000000
$11: 0x00000000
$12: 0x00000000
$13: 0x00000000
$14: 0x00000000
$15: 0x00000000
$16: 0x00000000
$17: 0x00000000
$18: 0x00000000
$19: 0x00000000
$20: 0x00000000
$21: 0x00000000
$22: 0x00000000
$23: 0x00000000
$24: 0x00000000
$25: 0x00000000
$26: 0x00000000
$27: 0x00000000
$28: 0x00000000
$29: 0x00000200
$30: 0x00000000
$31: 0x00000000
PC: 0x00000004


cycle 2
$00: 0x00000000
$01: 0x00000000
$02: 0x00000000
$03: 0x0000A5C3
$04: 0x00000000
$05: 0x00000000
$06: 0x00000000
$07: 0x00000000
$08: 0x00000000
$09: 0x00000000
$10: 0x00000000
$11: 0x00000000
$12: 0x00000000
$13: 0x00000000
$14: 0x00000000
$15: 0x00000000
$16: 0x00000000
$17: 0x00000000
$18: 0x00000000
$19: 0x00000000
$20: 0x00000000
$21: 0x00000000
$22: 0x00000000
$23: 0x00000000
$24: 0x00000000
$25: 0x00000000
$26: 0x00000000
$27: 0x00000000
$28: 0x00000000
$29: 0x00000200
$30: 0x00000000
$31: 0x00000000
PC: 0x00000008


cycle 3
$00: 0x00000000
$01: 0x00000000
$02: 0x00000000
$03: 0x0000A5C3
$04: 0x00000885
$05: 0x00000000
$06: 0x00000000
$07: 0x00000000
$08: 0x00000000
$09: 0x00000000
$10: 0x00000000
$11: 0x00000000
$12: 0x00000000
$13: 0x00000000
$14: 0x00000000
$15: 0x00000000
$16: 0x00000000
$17: 0x00000000
$18: 0x00000000
$19: 0x00000000
$20: 0x00000000
$21: 0x00000000
$22: 0x00000000
$23: 0x00000000
$24: 0x00000000
$25: 0x00000000
$26: 0x00000000
$27: 0x00000000
$28: 0x00000000
$29: 0x00000200
$30: 0x00000000
$31: 0x00000000
PC: 0x0000000C


cycle 4
$00: 0x00000000
$01: 0x00000000
$02: 0x00000000
$03: 0x0000A5C3
$04: 0x00000885
$05: 0x00000000
$06: 0x0000C2A3
$07: 0x00000000
$08: 0x00000000
$09: 0x00000000
$10: 0x00000000
$11: 0x00000000
$12: 0x00000000
$13: 0x00000000
$14: 0x00000000
$15: 0x00000000
$16: 0x00000000
$17: 0x00000000
$18: 0x00000000
$19: 0x00000000
$20: 0x00000000
$21: 0x00000000
$22: 0x00000000
$23: 0x00000000
$24: 0x00000000
$25: 0x00000000
$26: 0x00000000
$27: 0x00000000
$28: 0x00000000
$29: 0x00000200
$30: 0x00000000
$31: 0x00000000
PC: 0x00000010


cycle 5
$00: 0x00000000
$01: 0x00000000
$02: 0x00000000
$03: 0x0000A5C3
$04: 0x00000885
$05: 0x00000000
$06: 0x0000C2A3
$07: 0xFFFFA712
$08: 0x00000000
$09: 0x00000000
$10: 0x00000000
$11: 0x00000000
$12: 0x00000000
$13: 0x00000000
$14: 0x00000000
$15: 0x00000000
$16: 0x00000000
$17: 0x00000000
$18: 0x00000000
$19: 0x00000000
$20: 0x00000000
$21: 0x00000000
$22: 0x00000000
$23: 0x00000000
$24: 0x00000000
$25: 0x00000000
$26: 0x00000000
$27: 0x00000000
$28: 0x00000000
$29: 0x00000200
$30: 0x00000000
$31: 0x00000000
PC: 0x00000014


cycle 6
$00: 0x00000000
$01: 0x00000000
$02: 0x00000000
$03: 0x0000A5C3
$04: 0x00000885
$05: 0x00000000
$06: 0x0000C2A3
$07: 0xFFFFA712
$08: 0xEBCDABCD
$09: 0x00000000
$10: 0x00000000
$11: 0x00000000
$12: 0x00000000
$13: 0x00000000
$14: 0x00000000
$15: 0x00000000
$16: 0x00000000
$17: 0x00000000
$18: 0x00000000
$19: 0x00000000
$20: 0x00000000
$21: 0x00000000
$22: 0x00000000
$23: 0x00000000
$24: 0x00000000
$25: 0x00000000
$26: 0x00000000
$27: 0x00000000
$28: 0x00000000
$29: 0x00000200
$30: 0x00000000
$31: 0x00000000
PC: 0x00000018


cycle 7
$00: 0x00000000
$01: 0x00000000
$02: 0x00000000
$03: 0x0000A5C3
$04: 0x00000885
$05: 0x00000000
$06: 0xAAAAAAAA
$07: 0xFFFFA712
$08: 0xEBCDABCD
$09: 0x00000000
$10: 0x00000000
$11: 0x00000000
$12: 0x00000000
$13: 0x00000000
$14: 0x00000000
$15: 0x00000000
$16: 0x00000000
$17: 0x00000000
$18: 0x00000000
$19: 0x00000000
$20: 0x00000000
$21: 0x00000000
$22: 0x00000000
$23: 0x00000000
$24: 0x00000000
$25: 0x00000000
$26: 0x00000000
$27: 0x00000000
$28: 0x00000000
$29: 0x00000200
$30: 0x00000000
$31: 0x00000000
PC: 0x0000001C


cycle 8
$00: 0x00000000
$01: 0x00000000
$02: 0x00000000
$03: 0x0000A5C3
$04: 0x00000885
$05: 0x00000000
$06: 0xAAAAAAAA
$07: 0xFFFFA712
$08: 0xEBCDABCD
$09: 0x00000000
$10: 0x00000000
$11: 0x00000000
$12: 0x00000000
$13: 0x00000000
$14: 0x00000000
$15: 0x00000000
$16: 0x00000000
$17: 0x00000000
$18: 0x00000000
$19: 0x00000000
$20: 0x00000000
$21: 0x00000000
$22: 0x00000000
$23: 0x00000000
$24: 0x00000000
$25: 0x00000000
$26: 0x00000000
$27: 0x00000000
$28: 0x00000000
$29: 0x00000200
$30: 0x00000000
$31: 0x00000000
PC: 0x00000020


cycle 9
$00: 0x00000000
$01: 0x00000000
$02: 0x00000000
$03: 0x0000A5C3
$04: 0x00000885
$05: 0x00000000
$06: 0xAAAAAAAA
$07: 0xFFFFA712
$08: 0xEBCDABCD
$09: 0x00000000
$10: 0x00000000
$11: 0x00000000
$12: 0x00000000
$13: 0x00000000
$14: 0x00000000
$15: 0x00000000
$16: 0x00000000
$17: 0x00000000
$18: 0x00000000
$19: 0x00000000
$20: 0x00000000
$21: 0x00000000
$22: 0x00000000
$23: 0x00000000
$24: 0x00000000
$25: 0x00000000
$26: 0x00000000
$27: 0x00000000
$28: 0x00000000
$29: 0x00000200
$30: 0x00000000
$31: 0x00000000
PC: 0x00000024


cycle 10
$00: 0x00000000
$01: 0x00000000
$02: 0x00000000
$03: 0x0000A5C3
$04: 0x00000885
$05: 0x00000000
$06: 0xAAAAAAAA
$07: 0xFFFFA712
$08: 0xEBCDABCD
$09: 0x0000A702
$10: 0x00000000
$11: 0x00000000
$12: 0x00000000
$13: 0x00000000
$14: 0x00000000
$15: 0x00000000
$16: 0x00000000
$17: 0x00000000
$18: 0x00000000
$19: 0x00000000
$20: 0x00000000
$21: 0x00000000
$22: 0x00000000
$23: 0x00000000
$24: 0x00000000
$25: 0x00000000
$26: 0x00000000
$27: 0x00000000
$28: 0x00000000
$29: 0x00000200
$30: 0x00000000
$31: 0x00000000
PC: 0x00000028


cycle 11
$00: 0x00000000
$01: 0x00000000
$02: 0x00000000
$03: 0x0000A5C3
$04: 0x00000885
$05: 0x00000000
$06: 0xAAAAAAAA
$07: 0xFFFFA712
$08: 0xEBCDABCD
$09: 0x0000A702
$10: 0x00000000
$11: 0x00000000
$12: 0x00000000
$13: 0x00000000
$14: 0x00000000
$15: 0x00000000
$16: 0x00000000
$17: 0x00000000
$18: 0x00000000
$19: 0x00000000
$20: 0x00000000
$21: 0x00000000
$22: 0x00000000
$23: 0x00000000
$24: 0x00000000
$25: 0x00000000
$26: 0x00000000
$27: 0x00000000
$28: 0x00000000
$29: 0x00000200
$30: 0x00000000
$31: 0x00000000
PC: 0x0000002C


cycle 12
$00: 0x00000000
$01: 0x00000000
$02: 0x00000000
$03: 0x0000A5C3
$04: 0x00000885
$05: 0x00000000
$06: 0xAAAAAAAA
$07: 0xFFFFA712
$08: 0xEBCDABCD
$09: 0x0000A702
$10: 0x00000000
$11: 0x00000000
$12: 0x00000000
$13: 0x00000000
$14: 0x00000000
$15: 0x00000000
$16: 0x00000000
$17: 0x00000000
$18: 0x00000000
$19: 0x00000000
$20: 0x00000000
$21: 0x00000000
$22: 0x00000000
$23: 0x00000000
$24: 0x00000000
$25: 0x00000000
$26: 0x00000000
$27: 0x00000000
$28: 0x00000000
$29: 0x00000200
$30: 0x00000000
$31: 0x00000000
PC: 0x00000030


cycle 13
$00: 0x00000000
$01: 0x00000000
$02: 0x00000000
$03: 0x0000A5C3
$04: 0x00000885
$05: 0x00000000
$06: 0xAAAAAAAA
$07: 0xFFFFA712
$08: 0xEBCDABCD
$09: 0x0000A702
$10: 0x00000000
$11: 0x00000000
$12: 0x00000000
$13: 0x00000000
$14: 0x00000000
$15: 0x00000000
$16: 0x00000000
$17: 0x00000000
$18: 0x00000000
$19: 0x00000000
$20: 0x00000000
$21: 0x00000000
$22: 0x00000000
$23: 0x00000000
$24: 0x00000000
$25: 0x00000000
$26: 0x00000000
$27: 0x00000000
$28: 0x00000000
$29: 0x00000200
$30: 0x00000000
$31: 0x00000000
PC: 0x00000034


cycle 14
$00: 0x00000000
$01: 0x00000000
$02: 0x00000000
$03: 0x0000A5C3
$04: 0x00000885
$05: 0x00000000
$06: 0xAAAAAAAA
$07: 0xFFFFA712
$08: 0xEBCDABCD
$09: 0x0000A702
$10: 0x00000000
$11: 0x00000000
$12: 0x00000000
$13: 0x00000000
$14: 0x00000000
$15: 0x00000000
$16: 0x00000000
$17: 0x00000000
$18: 0x00000000
$19: 0x00000000
$20: 0x00000000
$21: 0x00000000
$22: 0x00000000
$23: 0x00000000
$24: 0x00000000
$25: 0x00000000
$26: 0x00000000
$27: 0x00000000
$28: 0x00000000
$29: 0x00000200
$30: 0x00000000
$31: 0x00000000
PC: 0x00000038


cycle 15
$00: 0x00000000
$01: 0x00000000
$02: 0x00000000
$03: 0x0000A5C3
$04: 0x00000885
$05: 0x00000000
$06: 0xAAAAAAAA
$07: 0xFFFFA712
$08: 0xEBCDABCD
$09: 0x0000A702
$10: 0x00000000
$11: 0xFFFF0000
$12: 0x00000000
$13: 0x00000000
$14: 0x00000000
$15: 0x00000000
$16: 0x00000000
$17: 0x00000000
$18: 0x00000000
$19: 0x00000000
$20: 0x00000000
$21: 0x00000000
$22: 0x00000000
$23: 0x00000000
$24: 0x00000000
$25: 0x00000000
$26: 0x00000000
$27: 0x00000000
$28: 0x00000000
$29: 0x00000200
$30: 0x00000000
$31: 0x00000000
PC: 0x0000003C


cycle 16
$00: 0x00000000
$01: 0x00000000
$02: 0x00000000
$03: 0x0000A5C3
$04: 0x00000885
$05: 0x00000000
$06: 0xAAAAAAAA
$07: 0xFFFFA712
$08: 0xEBCDABCD
$09: 0x0000A702
$10: 0x00000000
$11: 0xFFFFC8A7
$12: 0x00000000
$13: 0x00000000
$14: 0x00000000
$15: 0x00000000
$16: 0x00000000
$17: 0x00000000
$18: 0x00000000
$19: 0x00000000
$20: 0x00000000
$21: 0x00000000
$22: 0x00000000
$23: 0x00000000
$24: 0x00000000
$25: 0x00000000
$26: 0x00000000
$27: 0x00000000
$28: 0x00000000
$29: 0x00000200
$30: 0x00000000
$31: 0x00000000
PC: 0x00000040


cycle 17
$00: 0x00000000
$01: 0x00000000
$02: 0x00000000
$03: 0x0000A5C3
$04: 0x00000885
$05: 0x00000000
$06: 0xAAAAAAAA
$07: 0xFFFFA712
$08: 0xEBCDABCD
$09: 0x0000A702
$10: 0x00000001
$11: 0xFFFFC8A7
$12: 0x00000000
$13: 0x00000000
$14: 0x00000000
$15: 0x00000000
$16: 0x00000000
$17: 0x00000000
$18: 0x00000000
$19: 0x00000000
$20: 0x00000000
$21: 0x00000000
$22: 0x00000000
$23: 0x00000000
$24: 0x00000000
$25: 0x00000000
$26: 0x00000000
$27: 0x00000000
$28: 0x00000000
$29: 0x00000200
$30: 0x00000000
$31: 0x00000000
PC: 0x00000044


cycle 18
$00: 0x00000000
$01: 0x00000000
$02: 0x00000000
$03: 0x0000A5C3
$04: 0x00000885
$05: 0x00000000
$06: 0xAAAAAAAA
$07: 0xFFFFA712
$08: 0xEBCDABCD
$09: 0x0000A702
$10: 0x00000001
$11: 0xFFFFC8A7
$12: 0x00000001
$13: 0x00000000
$14: 0x00000000
$15: 0x00000000
$16: 0x00000000
$17: 0x00000000
$18: 0x00000000
$19: 0x00000000
$20: 0x00000000
$21: 0x00000000
$22: 0x00000000
$23: 0x00000000
$24: 0x00000000
$25: 0x00000000
$26: 0x00000000
$27: 0x00000000
$28: 0x00000000
$29: 0x00000200
$30: 0x00000000
$31: 0x00000000
PC: 0x00000048


cycle 19
$00: 0x00000000
$01: 0x00000000
$02: 0x00000000
$03: 0x0000A5C3
$04: 0x00000885
$05: 0x00000000
$06: 0xAAAAAAAA
$07: 0xFFFFA712
$08: 0xEBCDABCD
$09: 0x0000A702
$10: 0x00000001
$11: 0xFFFFC8A7
$12: 0x00000001
$13: 0x00000000
$14: 0x00000000
$15: 0x00000000
$16: 0x00000000
$17: 0x00000000
$18: 0x00000000
$19: 0x00000000
$20: 0x00000000
$21: 0x00000000
$22: 0x00000000
$23: 0x00000000
$24: 0x00000000
$25: 0x00000000
$26: 0x00000000
$27: 0x00000000
$28: 0x00000000
$29: 0x00000200
$30: 0x00000000
$31: 0x00000000
PC: 0x00000024


cycle 20
$00: 0x00000000
$01: 0x00000000
$02: 0x00000000
$03: 0x0000A5C3
$04: 0x00000885
$05: 0x00000000
$06: 0xAAAAAAAA
$07: 0xFFFFA712
$08: 0xEBCDABCD
$09: 0x0000A702
$10: 0x00000001
$11: 0xFFFFC8A7
$12: 0x00000001
$13: 0x00000000
$14: 0x00000000
$15: 0x00000000
$16: 0x00000000
$17: 0x00000000
$18: 0x00000000
$19: 0x00000000
$20: 0x00000000
$21: 0x00000000
$22: 0x00000000
$23: 0x00000000
$24: 0x00000000
$25: 0x00000000
$26: 0x00000000
$27: 0x00000000
$28: 0x00000000
$29: 0x00000200
$30: 0x00000000
$31: 0x00000000
PC: 0x00000028


cycle 21
$00: 0x00000000
$01: 0x00000000
$02: 0x00000000
$03: 0x0000A5C3
$04: 0x00000885
$05: 0x00000000
$06: 0xAAAAAAAA
$07: 0xFFFFA712
$08: 0xEBCDABCD
$09: 0x0000A702
$10: 0x00000001
$11: 0xFFFFC8A7
$12: 0x00000001
$13: 0x00000000
$14: 0x00000000
$15: 0x00000000
$16: 0x00000000
$17: 0x00000000
$18: 0x00000000
$19: 0x00000000
$20: 0x00000000
$21: 0x00000000
$22: 0x00000000
$23: 0x00000000
$24: 0x00000000
$25: 0x00000000
$26: 0x00000000
$27: 0x00000000
$28: 0x00000000
$29: 0x00000200
$30: 0x00000000
$31: 0x00000000
PC: 0x0000002C


cycle 22
$00: 0x00000000
$01: 0x00000000
$02: 0x00000000
$03: 0x0000A5C3
$04: 0x00000885
$05: 0x00000000
$06: 0xAAAAAAAA
$07: 0xFFFFA712
$08: 0xEBCDABCD
$09: 0x0000A702
$10: 0x00000001
$11: 0xFFFFC8A7
$12: 0x00000001
$13: 0x00000000
$14: 0x00000000
$15: 0x00000000
$16: 0x00000000
$17: 0x00000000
$18: 0x00000000
$19: 0x00000000
$20: 0x00000000
$21: 0x00000000
$22: 0x00000000
$23: 0x00000000
$24: 0x00000000
$25: 0x00000000
$26: 0x00000000
$27: 0x00000000
$28: 0x00000000
$29: 0x00000200
$30: 0x00000000
$31: 0x00000000
PC: 0x00000030


cycle 23
$00: 0x00000000
$01: 0x00000000
$02: 0x00000000
$03: 0x0000A5C3
$04: 0x00000885
$05: 0x00000000
$06: 0xAAAAAAAA
$07: 0xFFFFA712
$08: 0xEBCDABCD
$09: 0x0000A702
$10: 0x00000001
$11: 0xFFFFC8A7
$12: 0x00000001
$13: 0x00000000
$14: 0x00000000
$15: 0x00000000
$16: 0x00000000
$17: 0x00000000
$18: 0x00000000
$19: 0x00000000
$20: 0x00000000
$21: 0x00000000
$22: 0x00000000
$23: 0x00000000
$24: 0x00000000
$25: 0x00000000
$26: 0x00000000
$27: 0x00000000
$28: 0x00000000
$29: 0x00000200
$30: 0x00000000
$31: 0x00000000
PC: 0x00000034


cycle 24
$00: 0x00000000
$01: 0x00000000
$02: 0x00000000
$03: 0x0000A5C3
$04: 0x00000885
$05: 0x00000000
$06: 0xAAAAAAAA
$07: 0xFFFFA712
$08: 0xEBCDABCD
$09: 0x0000A702
$10: 0x00000001
$11: 0xFFFFC8A7
$12: 0x00000001
$13: 0x00000000
$14: 0x00000000
$15: 0x00000000
$16: 0x00000000
$17: 0x00000000
$18: 0x00000000
$19: 0x00000000
$20: 0x00000000
$21: 0x00000000
$22: 0x00000000
$23: 0x00000000
$24: 0x00000000
$25: 0x00000000
$26: 0x00000000
$27: 0x00000000
$28: 0x00000000
$29: 0x00000200
$30: 0x00000000
$31: 0x00000000
PC: 0x00000038


cycle 25
$00: 0x00000000
$01: 0x00000000
$02: 0x00000000
$03: 0x0000A5C3
$04: 0x00000885
$05: 0x00000000
$06: 0xAAAAAAAA
$07: 0xFFFFA712
$08: 0xEBCDABCD
$09: 0x0000A702
$10: 0x00000001
$11: 0xFFFF0000
$12: 0x00000001
$13: 0x00000000
$14: 0x00000000
$15: 0x00000000
$16: 0x00000000
$17: 0x00000000
$18: 0x00000000
$19: 0x00000000
$20: 0x00000000
$21: 0x00000000
$22: 0x00000000
$23: 0x00000000
$24: 0x00000000
$25: 0x00000000
$26: 0x00000000
$27: 0x00000000
$28: 0x00000000
$29: 0x00000200
$30: 0x00000000
$31: 0x00000000
PC: 0x0000003C


cycle 26
$00: 0x00000000
$01: 0x00000000
$02: 0x00000000
$03: 0x0000A5C3
$04: 0x00000885
$05: 0x00000000
$06: 0xAAAAAAAA
$07: 0xFFFFA712
$08: 0xEBCDABCD
$09: 0x0000A702
$10: 0x00000001
$11: 0xFFFFC8A7
$12: 0x00000001
$13: 0x00000000
$14: 0x00000000
$15: 0x00000000
$16: 0x00000000
$17: 0x00000000
$18: 0x00000000
$19: 0x00000000
$20: 0x00000000
$21: 0x00000000
$22: 0x00000000
$23: 0x00000000
$24: 0x00000000
$25: 0x00000000
$26: 0x00000000
$27: 0x00000000
$28: 0x00000000
$29: 0x00000200
$30: 0x00000000
$31: 0x00000000
PC: 0x00000040


cycle 27
$00: 0x00000000
$01: 0x00000000
$02: 0x00000000
$03: 0x0000A5C3
$04: 0x00000885
$05: 0x00000000
$06: 0xAAAAAAAA
$07: 0xFFFFA712
$08: 0xEBCDABCD
$09: 0x0000A702
$10: 0x00000002
$11: 0xFFFFC8A7
$12: 0x00000001
$13: 0x00000000
$14: 0x00000000
$15: 0x00000000
$16: 0x00000000
$17: 0x00000000
$18: 0x00000000
$19: 0x00000000
$20: 0x00000000
$21: 0x00000000
$22: 0x00000000
$23: 0x00000000
$24: 0x00000000
$25: 0x00000000
$26: 0x00000000
$27: 0x00000000
$28: 0x00000000
$29: 0x00000200
$30: 0x00000000
$31: 0x00000000
PC: 0x00000044


cycle 28
$00: 0x00000000
$01: 0x00000000
$02: 0x00000000
$03: 0x0000A5C3
$04: 0x00000885
$05: 0x00000000
$06: 0xAAAAAAAA
$07: 0xFFFFA712
$08: 0xEBCDABCD
$09: 0x0000A702
$10: 0x00000002
$11: 0xFFFFC8A7
$12: 0x00000001
$13: 0x00000000
$14: 0x00000000
$15: 0x00000000
$16: 0x00000000
$17: 0x00000000
$18: 0x00000000
$19: 0x00000000
$20: 0x00000000
$21: 0x00000000
$22: 0x00000000
$23: 0x00000000
$24: 0x00000000
$25: 0x00000000
$26: 0x00000000
$27: 0x00000000
$28: 0x00000000
$29: 0x00000200
$30: 0x00000000
$31: 0x00000000
PC: 0x00000048


cycle 29
$00: 0x00000000
$01: 0x00000000
$02: 0x00000000
$03: 0x0000A5C3
$04: 0x00000885
$05: 0x00000000
$06: 0xAAAAAAAA
$07: 0xFFFFA712
$08: 0xEBCDABCD
$09: 0x0000A702
$10: 0x00000002
$11: 0xFFFFC8A7
$12: 0x00000001
$13: 0x00000000
$14: 0x00000000
$15: 0x00000000
$16: 0x00000000
$17: 0x00000000
$18: 0x00000000
$19: 0x00000000
$20: 0x00000000
$21: 0x00000000
$22: 0x00000000
$23: 0x00000000
$24: 0x00000000
$25: 0x00000000
$26: 0x00000000
$27: 0x00000000
$28: 0x00000000
$29: 0x00000200
$30: 0x00000000
$31: 0x00000000
PC: 0x00000024


cycle 30
$00: 0x00000000
$01: 0x00000000
$02: 0x00000000
$03: 0x0000A5C3
$04: 0x00000885
$05: 0x00000000
$06: 0xAAAAAAAA
$07: 0xFFFFA712
$08: 0xEBCDABCD
$09: 0x0000A702
$10: 0x00000002
$11: 0xFFFFC8A7
$12: 0x00000001
$13: 0x00000000
$14: 0x00000000
$15: 0x00000000
$16: 0x00000000
$17: 0x00000000
$18: 0x00000000
$19: 0x00000000
$20: 0x00000000
$21: 0x00000000
$22: 0x00000000
$23: 0x00000000
$24: 0x00000000
$25: 0x00000000
$26: 0x00000000
$27: 0x00000000
$28: 0x00000000
$29: 0x00000200
$30: 0x00000000
$31: 0x00000000
PC: 0x00000028


cycle 31
$00: 0x00000000
$01: 0x00000000
$02: 0x00000000
$03: 0x0000A5C3
$04: 0x00000885
$05: 0x00000000
$06: 0xAAAAAAAA
$07: 0xFFFFA712
$08: 0xEBCDABCD
$09: 0x0000A702
$10: 0x00000002
$11: 0xFFFFC8A7
$12: 0x00000001
$13: 0x00000000
$14: 0x00000000
$15: 0x00000000
$16: 0x00000000
$17: 0x00000000
$18: 0x00000000
$19: 0x00000000
$20: 0x00000000
$21: 0x00000000
$22: 0x00000000
$23: 0x00000000
$24: 0x00000000
$25: 0x00000000
$26: 0x00000000
$27: 0x00000000
$28: 0x00000000
$29: 0x00000200
$30: 0x00000000
$31: 0x00000000
PC: 0x0000002C


cycle 32
$00: 0x00000000
$01: 0x00000000
$02: 0x00000000
$03: 0x0000A5C3
$04: 0x00000885
$05: 0x00000000
$06: 0xAAAAAAAA
$07: 0xFFFFA712
$08: 0xEBCDABCD
$09: 0x0000A702
$10: 0x00000002
$11: 0xFFFFC8A7
$12: 0x00000001
$13: 0x00000000
$14: 0x00000000
$15: 0x00000000
$16: 0x00000000
$17: 0x00000000
$18: 0x00000000
$19: 0x00000000
$20: 0x00000000
$21: 0x00000000
$22: 0x00000000
$23: 0x00000000
$24: 0x00000000
$25: 0x00000000
$26: 0x00000000
$27: 0x00000000
$28: 0x00000000
$29: 0x00000200
$30: 0x00000000
$31: 0x00000000
PC: 0x00000030


cycle 33
$00: 0x00000000
$01: 0x00000000
$02: 0x00000000
$03: 0x0000A5C3
$04: 0x00000885
$05: 0x00000000
$06: 0xAAAAAAAA
$07: 0xFFFFA712
$08: 0xEBCDABCD
$09: 0x0000A702
$10: 0x00000002
$11: 0xFFFFC8A7
$12: 0x00000001
$13: 0x00000000
$14: 0x00000000
$15: 0x00000000
$16: 0x00000000
$17: 0x00000000
$18: 0x00000000
$19: 0x00000000
$20: 0x00000000
$21: 0x00000000
$22: 0x00000000
$23: 0x00000000
$24: 0x00000000
$25: 0x00000000
$26: 0x00000000
$27: 0x00000000
$28: 0x00000000
$29: 0x00000200
$30: 0x00000000
$31: 0x00000000
PC: 0x00000034


cycle 34
$00: 0x00000000
$01: 0x00000000
$02: 0x00000000
$03: 0x0000A5C3
$04: 0x00000885
$05: 0x00000000
$06: 0xAAAAAAAA
$07: 0xFFFFA712
$08: 0xEBCDABCD
$09: 0x0000A702
$10: 0x00000002
$11: 0xFFFFC8A7
$12: 0x00000001
$13: 0x00000000
$14: 0x00000000
$15: 0x00000000
$16: 0x00000000
$17: 0x00000000
$18: 0x00000000
$19: 0x00000000
$20: 0x00000000
$21: 0x00000000
$22: 0x00000000
$23: 0x00000000
$24: 0x00000000
$25: 0x00000000
$26: 0x00000000
$27: 0x00000000
$28: 0x00000000
$29: 0x00000200
$30: 0x00000000
$31: 0x00000000
PC: 0x00000038


cycle 35
$00: 0x00000000
$01: 0x00000000
$02: 0x00000000
$03: 0x0000A5C3
$04: 0x00000885
$05: 0x00000000
$06: 0xAAAAAAAA
$07: 0xFFFFA712
$08: 0xEBCDABCD
$09: 0x0000A702
$10: 0x00000002
$11: 0xFFFF0000
$12: 0x00000001
$13: 0x00000000
$14: 0x00000000
$15: 0x00000000
$16: 0x00000000
$17: 0x00000000
$18: 0x00000000
$19: 0x00000000
$20: 0x00000000
$21: 0x00000000
$22: 0x00000000
$23: 0x00000000
$24: 0x00000000
$25: 0x00000000
$26: 0x00000000
$27: 0x00000000
$28: 0x00000000
$29: 0x00000200
$30: 0x00000000
$31: 0x00000000
PC: 0x0000003C


cycle 36
$00: 0x00000000
$01: 0x00000000
$02: 0x00000000
$03: 0x0000A5C3
$04: 0x00000885
$05: 0x00000000
$06: 0xAAAAAAAA
$07: 0xFFFFA712
$08: 0xEBCDABCD
$09: 0x0000A702
$10: 0x00000002
$11: 0xFFFFC8A7
$12: 0x00000001
$13: 0x00000000
$14: 0x00000000
$15: 0x00000000
$16: 0x00000000
$17: 0x00000000
$18: 0x00000000
$19: 0x00000000
$20: 0x00000000
$21: 0x00000000
$22: 0x00000000
$23: 0x00000000
$24: 0x00000000
$25: 0x00000000
$26: 0x00000000
$27: 0x00000000
$28: 0x00000000
$29: 0x00000200
$30: 0x00000000
$31: 0x00000000
PC: 0x00000040


cycle 37
$00: 0x00000000
$01: 0x00000000
$02: 0x00000000
$03: 0x0000A5C3
$04: 0x00000885
$05: 0x00000000
$06: 0xAAAAAAAA
$07: 0xFFFFA712
$08: 0xEBCDABCD
$09: 0x0000A702
$10: 0x00000003
$11: 0xFFFFC8A7
$12: 0x00000001
$13: 0x00000000
$14: 0x00000000
$15: 0x00000000
$16: 0x00000000
$17: 0x00000000
$18: 0x00000000
$19: 0x00000000
$20: 0x00000000
$21: 0x00000000
$22: 0x00000000
$23: 0x00000000
$24: 0x00000000
$25: 0x00000000
$26: 0x00000000
$27: 0x00000000
$28: 0x00000000
$29: 0x00000200
$30: 0x00000000
$31: 0x00000000
PC: 0x00000044


cycle 38
$00: 0x00000000
$01: 0x00000000
$02: 0x00000000
$03: 0x0000A5C3
$04: 0x00000885
$05: 0x00000000
$06: 0xAAAAAAAA
$07: 0xFFFFA712
$08: 0xEBCDABCD
$09: 0x0000A702
$10: 0x00000003
$11: 0xFFFFC8A7
$12: 0x00000001
$13: 0x00000000
$14: 0x00000000
$15: 0x00000000
$16: 0x00000000
$17: 0x00000000
$18: 0x00000000
$19: 0x00000000
$20: 0x00000000
$21: 0x00000000
$22: 0x00000000
$23: 0x00000000
$24: 0x00000000
$25: 0x00000000
$26: 0x00000000
$27: 0x00000000
$28: 0x00000000
$29: 0x00000200
$30: 0x00000000
$31: 0x00000000
PC: 0x00000048


cycle 39
$00: 0x00000000
$01: 0x00000000
$02: 0x00000000
$03: 0x0000A5C3
$04: 0x00000885
$05: 0x00000000
$06: 0xAAAAAAAA
$07: 0xFFFFA712
$08: 0xEBCDABCD
$09: 0x0000A702
$10: 0x00000003
$11: 0xFFFFC8A7
$12: 0x00000001
$13: 0x00000000
$14: 0x00000000
$15: 0x00000000
$16: 0x00000000
$17: 0x00000000
$18: 0x00000000
$19: 0x00000000
$20: 0x00000000
$21: 0x00000000
$22: 0x00000000
$23: 0x00000000
$24: 0x00000000
$25: 0x00000000
$26: 0x00000000
$27: 0x00000000
$28: 0x00000000
$29: 0x00000200
$30: 0x00000000
$31: 0x00000000
PC: 0x00000024


cycle 40
$00: 0x00000000
$01: 0x00000000
$02: 0x00000000
$03: 0x0000A5C3
$04: 0x00000885
$05: 0x00000000
$06: 0xAAAAAAAA
$07: 0xFFFFA712
$08: 0xEBCDABCD
$09: 0x0000A702
$10: 0x00000003
$11: 0xFFFFC8A7
$12: 0x00000001
$13: 0x00000000
$14: 0x00000000
$15: 0x00000000
$16: 0x00000000
$17: 0x00000000
$18: 0x00000000
$19: 0x00000000
$20: 0x00000000
$21: 0x00000000
$22: 0x00000000
$23: 0x00000000
$24: 0x00000000
$25: 0x00000000
$26: 0x00000000
$27: 0x00000000
$28: 0x00000000
$29: 0x00000200
$30: 0x00000000
$31: 0x00000000
PC: 0x00000028


cycle 41
$00: 0x00000000
$01: 0x00000000
$02: 0x00000000
$03: 0x0000A5C3
$04: 0x00000885
$05: 0x00000000
$06: 0xAAAAAAAA
$07: 0xFFFFA712
$08: 0xEBCDABCD
$09: 0x0000A702
$10: 0x00000003
$11: 0xFFFFC8A7
$12: 0x00000001
$13: 0x00000000
$14: 0x00000000
$15: 0x00000000
$16: 0x00000000
$17: 0x00000000
$18: 0x00000000
$19: 0x00000000
$20: 0x00000000
$21: 0x00000000
$22: 0x00000000
$23: 0x00000000
$24: 0x00000000
$25: 0x00000000
$26: 0x00000000
$27: 0x00000000
$28: 0x00000000
$29: 0x00000200
$30: 0x00000000
$31: 0x00000000
PC: 0x0000002C


cycle 42
$00: 0x00000000
$01: 0x00000000
$02: 0x00000000
$03: 0x0000A5C3
$04: 0x00000885
$05: 0x00000000
$06: 0xAAAAAAAA
$07: 0xFFFFA712
$08: 0xEBCDABCD
$09: 0x0000A702
$10: 0x00000003
$11: 0xFFFFC8A7
$12: 0x00000001
$13: 0x00000000
$14: 0x00000000
$15: 0x00000000
$16: 0x00000000
$17: 0x00000000
$18: 0x00000000
$19: 0x00000000
$20: 0x00000000
$21: 0x00000000
$22: 0x00000000
$23: 0x00000000
$24: 0x00000000
$25: 0x00000000
$26: 0x00000000
$27: 0x00000000
$28: 0x00000000
$29: 0x00000200
$30: 0x00000000
$31: 0x00000000
PC: 0x00000030


cycle 43
$00: 0x00000000
$01: 0x00000000
$02: 0x00000000
$03: 0x0000A5C3
$04: 0x00000885
$05: 0x00000000
$06: 0xAAAAAAAA
$07: 0xFFFFA712
$08: 0xEBCDABCD
$09: 0x0000A702
$10: 0x00000003
$11: 0xFFFFC8A7
$12: 0x00000001
$13: 0x00000000
$14: 0x00000000
$15: 0x00000000
$16: 0x00000000
$17: 0x00000000
$18: 0x00000000
$19: 0x00000000
$20: 0x00000000
$21: 0x00000000
$22: 0x00000000
$23: 0x00000000
$24: 0x00000000
$25: 0x00000000
$26: 0x00000000
$27: 0x00000000
$28: 0x00000000
$29: 0x00000200
$30: 0x00000000
$31: 0x00000000
PC: 0x00000034


cycle 44
$00: 0x00000000
$01: 0x00000000
$02: 0x00000000
$03: 0x0000A5C3
$04: 0x00000885
$05: 0x00000000
$06: 0xAAAAAAAA
$07: 0xFFFFA712
$08: 0xEBCDABCD
$09: 0x0000A702
$10: 0x00000003
$11: 0xFFFFC8A7
$12: 0x00000001
$13: 0x00000000
$14: 0x00000000
$15: 0x00000000
$16: 0x00000000
$17: 0x00000000
$18: 0x00000000
$19: 0x00000000
$20: 0x00000000
$21: 0x00000000
$22: 0x00000000
$23: 0x00000000
$24: 0x00000000
$25: 0x00000000
$26: 0x00000000
$27: 0x00000000
$28: 0x00000000
$29: 0x00000200
$30: 0x00000000
$31: 0x00000000
PC: 0x00000038


cycle 45
$00: 0x00000000
$01: 0x00000000
$02: 0x00000000
$03: 0x0000A5C3
$04: 0x00000885
$05: 0x00000000
$06: 0xAAAAAAAA
$07: 0xFFFFA712
$08: 0xEBCDABCD
$09: 0x0000A702
$10: 0x00000003
$11: 0xFFFF0000
$12: 0x00000001
$13: 0x00000000
$14: 0x00000000
$15: 0x00000000
$16: 0x00000000
$17: 0x00000000
$18: 0x00000000
$19: 0x00000000
$20: 0x00000000
$21: 0x00000000
$22: 0x00000000
$23: 0x00000000
$24: 0x00000000
$25: 0x00000000
$26: 0x00000000
$27: 0x00000000
$28: 0x00000000
$29: 0x00000200
$30: 0x00000000
$31: 0x00000000
PC: 0x0000003C


cycle 46
$00: 0x00000000
$01: 0x00000000
$02: 0x00000000
$03: 0x0000A5C3
$04: 0x00000885
$05: 0x00000000
$06: 0xAAAAAAAA
$07: 0xFFFFA712
$08: 0xEBCDABCD
$09: 0x0000A702
$10: 0x00000003
$11: 0xFFFFC8A7
$12: 0x00000001
$13: 0x00000000
$14: 0x00000000
$15: 0x00000000
$16: 0x00000000
$17: 0x00000000
$18: 0x00000000
$19: 0x00000000
$20: 0x00000000
$21: 0x00000000
$22: 0x00000000
$23: 0x00000000
$24: 0x00000000
$25: 0x00000000
$26: 0x00000000
$27: 0x00000000
$28: 0x00000000
$29: 0x00000200
$30: 0x00000000
$31: 0x00000000
PC: 0x00000040


cycle 47
$00: 0x00000000
$01: 0x00000000
$02: 0x00000000
$03: 0x0000A5C3
$04: 0x00000885
$05: 0x00000000
$06: 0xAAAAAAAA
$07: 0xFFFFA712
$08: 0xEBCDABCD
$09: 0x0000A702
$10: 0x00000004
$11: 0xFFFFC8A7
$12: 0x00000001
$13: 0x00000000
$14: 0x00000000
$15: 0x00000000
$16: 0x00000000
$17: 0x00000000
$18: 0x00000000
$19: 0x00000000
$20: 0x00000000
$21: 0x00000000
$22: 0x00000000
$23: 0x00000000
$24: 0x00000000
$25: 0x00000000
$26: 0x00000000
$27: 0x00000000
$28: 0x00000000
$29: 0x00000200
$30: 0x00000000
$31: 0x00000000
PC: 0x00000044


cycle 48
$00: 0x00000000
$01: 0x00000000
$02: 0x00000000
$03: 0x0000A5C3
$04: 0x00000885
$05: 0x00000000
$06: 0xAAAAAAAA
$07: 0xFFFFA712
$08: 0xEBCDABCD
$09: 0x0000A702
$10: 0x00000004
$11: 0xFFFFC8A7
$12: 0x00000001
$13: 0x00000000
$14: 0x00000000
$15: 0x00000000
$16: 0x00000000
$17: 0x00000000
$18: 0x00000000
$19: 0x00000000
$20: 0x00000000
$21: 0x00000000
$22: 0x00000000
$23: 0x00000000
$24: 0x00000000
$25: 0x00000000
$26: 0x00000000
$27: 0x00000000
$28: 0x00000000
$29: 0x00000200
$30: 0x00000000
$31: 0x00000000
PC: 0x00000048


cycle 49
$00: 0x00000000
$01: 0x00000000
$02: 0x00000000
$03: 0x0000A5C3
$04: 0x00000885
$05: 0x00000000
$06: 0xAAAAAAAA
$07: 0xFFFFA712
$08: 0xEBCDABCD
$09: 0x0000A702
$10: 0x00000004
$11: 0xFFFFC8A7
$12: 0x00000001
$13: 0x00000000
$14: 0x00000000
$15: 0x00000000
$16: 0x00000000
$17: 0x00000000
$18: 0x00000000
$19: 0x00000000
$20: 0x00000000
$21: 0x00000000
$22: 0x00000000
$23: 0x00000000
$24: 0x00000000
$25: 0x00000000
$26: 0x00000000
$27: 0x00000000
$28: 0x00000000
$29: 0x00000200
$30: 0x00000000
$31: 0x00000000
PC: 0x00000024


cycle 50
$00: 0x00000000
$01: 0x00000000
$02: 0x00000000
$03: 0x0000A5C3
$04: 0x00000885
$05: 0x00000000
$06: 0xAAAAAAAA
$07: 0xFFFFA712
$08: 0xEBCDABCD
$09: 0x0000A702
$10: 0x00000004
$11: 0xFFFFC8A7
$12: 0x00000001
$13: 0x00000000
$14: 0x00000000
$15: 0x00000000
$16: 0x00000000
$17: 0x00000000
$18: 0x00000000
$19: 0x00000000
$20: 0x00000000
$21: 0x00000000
$22: 0x00000000
$23: 0x00000000
$24: 0x00000000
$25: 0x00000000
$26: 0x00000000
$27: 0x00000000
$28: 0x00000000
$29: 0x00000200
$30: 0x00000000
$31: 0x00000000
PC: 0x00000028


cycle 51
$00: 0x00000000
$01: 0x00000000
$02: 0x00000000
$03: 0x0000A5C3
$04: 0x00000885
$05: 0x00000000
$06: 0xAAAAAAAA
$07: 0xFFFFA712
$08: 0xEBCDABCD
$09: 0x0000A702
$10: 0x00000004
$11: 0xFFFFC8A7
$12: 0x00000001
$13: 0x00000000
$14: 0x00000000
$15: 0x00000000
$16: 0x00000000
$17: 0x00000000
$18: 0x00000000
$19: 0x00000000
$20: 0x00000000
$21: 0x00000000
$22: 0x00000000
$23: 0x00000000
$24: 0x00000000
$25: 0x00000000
$26: 0x00000000
$27: 0x00000000
$28: 0x00000000
$29: 0x00000200
$30: 0x00000000
$31: 0x00000000
PC: 0x0000002C


cycle 52
$00: 0x00000000
$01: 0x00000000
$02: 0x00000000
$03: 0x0000A5C3
$04: 0x00000885
$05: 0x00000000
$06: 0xAAAAAAAA
$07: 0xFFFFA712
$08: 0xEBCDABCD
$09: 0x0000A702
$10: 0x00000004
$11: 0xFFFFC8A7
$12: 0x00000001
$13: 0x00000000
$14: 0x00000000
$15: 0x00000000
$16: 0x00000000
$17: 0x00000000
$18: 0x00000000
$19: 0x00000000
$20: 0x00000000
$21: 0x00000000
$22: 0x00000000
$23: 0x00000000
$24: 0x00000000
$25: 0x00000000
$26: 0x00000000
$27: 0x00000000
$28: 0x00000000
$29: 0x00000200
$30: 0x00000000
$31: 0x00000000
PC: 0x00000030


cycle 53
$00: 0x00000000
$01: 0x00000000
$02: 0x00000000
$03: 0x0000A5C3
$04: 0x00000885
$05: 0x00000000
$06: 0xAAAAAAAA
$07: 0xFFFFA712
$08: 0xEBCDABCD
$09: 0x0000A702
$10: 0x00000004
$11: 0xFFFFC8A7
$12: 0x00000001
$13: 0x00000000
$14: 0x00000000
$15: 0x00000000
$16: 0x00000000
$17: 0x00000000
$18: 0x00000000
$19: 0x00000000
$20: 0x00000000
$21: 0x00000000
$22: 0x00000000
$23: 0x00000000
$24: 0x00000000
$25: 0x00000000
$26: 0x00000000
$27: 0x00000000
$28: 0x00000000
$29: 0x00000200
$30: 0x00000000
$31: 0x00000000
PC: 0x00000034


cycle 54
$00: 0x00000000
$01: 0x00000000
$02: 0x00000000
$03: 0x0000A5C3
$04: 0x00000885
$05: 0x00000000
$06: 0xAAAAAAAA
$07: 0xFFFFA712
$08: 0xEBCDABCD
$09: 0x0000A702
$10: 0x00000004
$11: 0xFFFFC8A7
$12: 0x00000001
$13: 0x00000000
$14: 0x00000000
$15: 0x00000000
$16: 0x00000000
$17: 0x00000000
$18: 0x00000000
$19: 0x00000000
$20: 0x00000000
$21: 0x00000000
$22: 0x00000000
$23: 0x00000000
$24: 0x00000000
$25: 0x00000000
$26: 0x00000000
$27: 0x00000000
$28: 0x00000000
$29: 0x00000200
$30: 0x00000000
$31: 0x00000000
PC: 0x00000038


cycle 55
$00: 0x00000000
$01: 0x00000000
$02: 0x00000000
$03: 0x0000A5C3
$04: 0x00000885
$05: 0x00000000
$06: 0xAAAAAAAA
$07: 0xFFFFA712
$08: 0xEBCDABCD
$09: 0x0000A702
$10: 0x00000004
$11: 0xFFFF0000
$12: 0x00000001
$13: 0x00000000
$14: 0x00000000
$15: 0x00000000
$16: 0x00000000
$17: 0x00000000
$18: 0x00000000
$19: 0x00000000
$20: 0x00000000
$21: 0x00000000
$22: 0x00000000
$23: 0x00000000
$24: 0x00000000
$25: 0x00000000
$26: 0x00000000
$27: 0x00000000
$28: 0x00000000
$29: 0x00000200
$30: 0x00000000
$31: 0x00000000
PC: 0x0000003C


cycle 56
$00: 0x00000000
$01: 0x00000000
$02: 0x00000000
$03: 0x0000A5C3
$04: 0x00000885
$05: 0x00000000
$06: 0xAAAAAAAA
$07: 0xFFFFA712
$08: 0xEBCDABCD
$09: 0x0000A702
$10: 0x00000004
$11: 0xFFFFC8A7
$12: 0x00000001
$13: 0x00000000
$14: 0x00000000
$15: 0x00000000
$16: 0x00000000
$17: 0x00000000
$18: 0x00000000
$19: 0x00000000
$20: 0x00000000
$21: 0x00000000
$22: 0x00000000
$23: 0x00000000
$24: 0x00000000
$25: 0x00000000
$26: 0x00000000
$27: 0x00000000
$28: 0x00000000
$29: 0x00000200
$30: 0x00000000
$31: 0x00000000
PC: 0x00000040


cycle 57
$00: 0x00000000
$01: 0x00000000
$02: 0x00000000
$03: 0x0000A5C3
$04: 0x00000885
$05: 0x00000000
$06: 0xAAAAAAAA
$07: 0xFFFFA712
$08: 0xEBCDABCD
$09: 0x0000A702
$10: 0x00000005
$11: 0xFFFFC8A7
$12: 0x00000001
$13: 0x00000000
$14: 0x00000000
$15: 0x00000000
$16: 0x00000000
$17: 0x00000000
$18: 0x00000000
$19: 0x00000000
$20: 0x00000000
$21: 0x00000000
$22: 0x00000000
$23: 0x00000000
$24: 0x00000000
$25: 0x00000000
$26: 0x00000000
$27: 0x00000000
$28: 0x00000000
$29: 0x00000200
$30: 0x00000000
$31: 0x00000000
PC: 0x00000044


cycle 58
$00: 0x00000000
$01: 0x00000000
$02: 0x00000000
$03: 0x0000A5C3
$04: 0x00000885
$05: 0x00000000
$06: 0xAAAAAAAA
$07: 0xFFFFA712
$08: 0xEBCDABCD
$09: 0x0000A702
$10: 0x00000005
$11: 0xFFFFC8A7
$12: 0x00000001
$13: 0x00000000
$14: 0x00000000
$15: 0x00000000
$16: 0x00000000
$17: 0x00000000
$18: 0x00000000
$19: 0x00000000
$20: 0x00000000
$21: 0x00000000
$22: 0x00000000
$23: 0x00000000
$24: 0x00000000
$25: 0x00000000
$26: 0x00000000
$27: 0x00000000
$28: 0x00000000
$29: 0x00000200
$30: 0x00000000
$31: 0x00000000
PC: 0x00000048


cycle 59
$00: 0x00000000
$01: 0x00000000
$02: 0x00000000
$03: 0x0000A5C3
$04: 0x00000885
$05: 0x00000000
$06: 0xAAAAAAAA
$07: 0xFFFFA712
$08: 0xEBCDABCD
$09: 0x0000A702
$10: 0x00000005
$11: 0xFFFFC8A7
$12: 0x00000001
$13: 0x00000000
$14: 0x00000000
$15: 0x00000000
$16: 0x00000000
$17: 0x00000000
$18: 0x00000000
$19: 0x00000000
$20: 0x00000000
$21: 0x00000000
$22: 0x00000000
$23: 0x00000000
$24: 0x00000000
$25: 0x00000000
$26: 0x00000000
$27: 0x00000000
$28: 0x00000000
$29: 0x00000200
$30: 0x00000000
$31: 0x00000000
PC: 0x00000024


cycle 60
$00: 0x00000000
$01: 0x00000000
$02: 0x00000000
$03: 0x0000A5C3
$04: 0x00000885
$05: 0x00000000
$06: 0xAAAAAAAA
$07: 0xFFFFA712
$08: 0xEBCDABCD
$09: 0x0000A702
$10: 0x00000005
$11: 0xFFFFC8A7
$12: 0x00000001
$13: 0x00000000
$14: 0x00000000
$15: 0x00000000
$16: 0x00000000
$17: 0x00000000
$18: 0x00000000
$19: 0x00000000
$20: 0x00000000
$21: 0x00000000
$22: 0x00000000
$23: 0x00000000
$24: 0x00000000
$25: 0x00000000
$26: 0x00000000
$27: 0x00000000
$28: 0x00000000
$29: 0x00000200
$30: 0x00000000
$31: 0x00000000
PC: 0x00000028


cycle 61
$00: 0x00000000
$01: 0x00000000
$02: 0x00000000
$03: 0x0000A5C3
$04: 0x00000885
$05: 0x00000000
$06: 0xAAAAAAAA
$07: 0xFFFFA712
$08: 0xEBCDABCD
$09: 0x0000A702
$10: 0x00000005
$11: 0xFFFFC8A7
$12: 0x00000001
$13: 0x00000000
$14: 0x00000000
$15: 0x00000000
$16: 0x00000000
$17: 0x00000000
$18: 0x00000000
$19: 0x00000000
$20: 0x00000000
$21: 0x00000000
$22: 0x00000000
$23: 0x00000000
$24: 0x00000000
$25: 0x00000000
$26: 0x00000000
$27: 0x00000000
$28: 0x00000000
$29: 0x00000200
$30: 0x00000000
$31: 0x00000000
PC: 0x0000002C


cycle 62
$00: 0x00000000
$01: 0x00000000
$02: 0x00000000
$03: 0x0000A5C3
$04: 0x00000885
$05: 0x00000000
$06: 0xAAAAAAAA
$07: 0xFFFFA712
$08: 0xEBCDABCD
$09: 0x0000A702
$10: 0x00000005
$11: 0xFFFFC8A7
$12: 0x00000001
$13: 0x00000000
$14: 0x00000000
$15: 0x00000000
$16: 0x00000000
$17: 0x00000000
$18: 0x00000000
$19: 0x00000000
$20: 0x00000000
$21: 0x00000000
$22: 0x00000000
$23: 0x00000000
$24: 0x00000000
$25: 0x00000000
$26: 0x00000000
$27: 0x00000000
$28: 0x00000000
$29: 0x00000200
$30: 0x00000000
$31: 0x00000000
PC: 0x00000030


cycle 63
$00: 0x00000000
$01: 0x00000000
$02: 0x00000000
$03: 0x0000A5C3
$04: 0x00000885
$05: 0x00000000
$06: 0xAAAAAAAA
$07: 0xFFFFA712
$08: 0xEBCDABCD
$09: 0x0000A702
$10: 0x00000005
$11: 0xFFFFC8A7
$12: 0x00000001
$13: 0x00000000
$14: 0x00000000
$15: 0x00000000
$16: 0x00000000
$17: 0x00000000
$18: 0x00000000
$19: 0x00000000
$20: 0x00000000
$21: 0x00000000
$22: 0x00000000
$23: 0x00000000
$24: 0x00000000
$25: 0x00000000
$26: 0x00000000
$27: 0x00000000
$28: 0x00000000
$29: 0x00000200
$30: 0x00000000
$31: 0x00000000
PC: 0x00000034


cycle 64
$00: 0x00000000
$01: 0x00000000
$02: 0x00000000
$03: 0x0000A5C3
$04: 0x00000885
$05: 0x00000000
$06: 0xAAAAAAAA
$07: 0xFFFFA712
$08: 0xEBCDABCD
$09: 0x0000A702
$10: 0x00000005
$11: 0xFFFFC8A7
$12: 0x00000001
$13: 0x00000000
$14: 0x00000000
$15: 0x00000000
$16: 0x00000000
$17: 0x00000000
$18: 0x00000000
$19: 0x00000000
$20: 0x00000000
$21: 0x00000000
$22: 0x00000000
$23: 0x00000000
$24: 0x00000000
$25: 0x00000000
$26: 0x00000000
$27: 0x00000000
$28: 0x00000000
$29: 0x00000200
$30: 0x00000000
$31: 0x00000000
PC: 0x00000038


cycle 65
$00: 0x00000000
$01: 0x00000000
$02: 0x00000000
$03: 0x0000A5C3
$04: 0x00000885
$05: 0x00000000
$06: 0xAAAAAAAA
$07: 0xFFFFA712
$08: 0xEBCDABCD
$09: 0x0000A702
$10: 0x00000005
$11: 0xFFFF0000
$12: 0x00000001
$13: 0x00000000
$14: 0x00000000
$15: 0x00000000
$16: 0x00000000
$17: 0x00000000
$18: 0x00000000
$19: 0x00000000
$20: 0x00000000
$21: 0x00000000
$22: 0x00000000
$23: 0x00000000
$24: 0x00000000
$25: 0x00000000
$26: 0x00000000
$27: 0x00000000
$28: 0x00000000
$29: 0x00000200
$30: 0x00000000
$31: 0x00000000
PC: 0x0000003C


cycle 66
$00: 0x00000000
$01: 0x00000000
$02: 0x00000000
$03: 0x0000A5C3
$04: 0x00000885
$05: 0x00000000
$06: 0xAAAAAAAA
$07: 0xFFFFA712
$08: 0xEBCDABCD
$09: 0x0000A702
$10: 0x00000005
$11: 0xFFFFC8A7
$12: 0x00000001
$13: 0x00000000
$14: 0x00000000
$15: 0x00000000
$16: 0x00000000
$17: 0x00000000
$18: 0x00000000
$19: 0x00000000
$20: 0x00000000
$21: 0x00000000
$22: 0x00000000
$23: 0x00000000
$24: 0x00000000
$25: 0x00000000
$26: 0x00000000
$27: 0x00000000
$28: 0x00000000
$29: 0x00000200
$30: 0x00000000
$31: 0x00000000
PC: 0x00000040


cycle 67
$00: 0x00000000
$01: 0x00000000
$02: 0x00000000
$03: 0x0000A5C3
$04: 0x00000885
$05: 0x00000000
$06: 0xAAAAAAAA
$07: 0xFFFFA712
$08: 0xEBCDABCD
$09: 0x0000A702
$10: 0x00000006
$11: 0xFFFFC8A7
$12: 0x00000001
$13: 0x00000000
$14: 0x00000000
$15: 0x00000000
$16: 0x00000000
$17: 0x00000000
$18: 0x00000000
$19: 0x00000000
$20: 0x00000000
$21: 0x00000000
$22: 0x00000000
$23: 0x00000000
$24: 0x00000000
$25: 0x00000000
$26: 0x00000000
$27: 0x00000000
$28: 0x00000000
$29: 0x00000200
$30: 0x00000000
$31: 0x00000000
PC: 0x00000044


cycle 68
$00: 0x00000000
$01: 0x00000000
$02: 0x00000000
$03: 0x0000A5C3
$04: 0x00000885
$05: 0x00000000
$06: 0xAAAAAAAA
$07: 0xFFFFA712
$08: 0xEBCDABCD
$09: 0x0000A702
$10: 0x00000006
$11: 0xFFFFC8A7
$12: 0x00000001
$13: 0x00000000
$14: 0x00000000
$15: 0x00000000
$16: 0x00000000
$17: 0x00000000
$18: 0x00000000
$19: 0x00000000
$20: 0x00000000
$21: 0x00000000
$22: 0x00000000
$23: 0x00000000
$24: 0x00000000
$25: 0x00000000
$26: 0x00000000
$27: 0x00000000
$28: 0x00000000
$29: 0x00000200
$30: 0x00000000
$31: 0x00000000
PC: 0x00000048


cycle 69
$00: 0x00000000
$01: 0x00000000
$02: 0x00000000
$03: 0x0000A5C3
$04: 0x00000885
$05: 0x00000000
$06: 0xAAAAAAAA
$07: 0xFFFFA712
$08: 0xEBCDABCD
$09: 0x0000A702
$10: 0x00000006
$11: 0xFFFFC8A7
$12: 0x00000001
$13: 0x00000000
$14: 0x00000000
$15: 0x00000000
$16: 0x00000000
$17: 0x00000000
$18: 0x00000000
$19: 0x00000000
$20: 0x00000000
$21: 0x00000000
$22: 0x00000000
$23: 0x00000000
$24: 0x00000000
$25: 0x00000000
$26: 0x00000000
$27: 0x00000000
$28: 0x00000000
$29: 0x00000200
$30: 0x00000000
$31: 0x00000000
PC: 0x00000024


cycle 70
$00: 0x00000000
$01: 0x00000000
$02: 0x00000000
$03: 0x0000A5C3
$04: 0x00000885
$05: 0x00000000
$06: 0xAAAAAAAA
$07: 0xFFFFA712
$08: 0xEBCDABCD
$09: 0x0000A702
$10: 0x00000006
$11: 0xFFFFC8A7
$12: 0x00000001
$13: 0x00000000
$14: 0x00000000
$15: 0x00000000
$16: 0x00000000
$17: 0x00000000
$18: 0x00000000
$19: 0x00000000
$20: 0x00000000
$21: 0x00000000
$22: 0x00000000
$23: 0x00000000
$24: 0x00000000
$25: 0x00000000
$26: 0x00000000
$27: 0x00000000
$28: 0x00000000
$29: 0x00000200
$30: 0x00000000
$31: 0x00000000
PC: 0x00000028


cycle 71
$00: 0x00000000
$01: 0x00000000
$02: 0x00000000
$03: 0x0000A5C3
$04: 0x00000885
$05: 0x00000000
$06: 0xAAAAAAAA
$07: 0xFFFFA712
$08: 0xEBCDABCD
$09: 0x0000A702
$10: 0x00000006
$11: 0xFFFFC8A7
$12: 0x00000001
$13: 0x00000000
$14: 0x00000000
$15: 0x00000000
$16: 0x00000000
$17: 0x00000000
$18: 0x00000000
$19: 0x00000000
$20: 0x00000000
$21: 0x00000000
$22: 0x00000000
$23: 0x00000000
$24: 0x00000000
$25: 0x00000000
$26: 0x00000000
$27: 0x00000000
$28: 0x00000000
$29: 0x00000200
$30: 0x00000000
$31: 0x00000000
PC: 0x0000002C


cycle 72
$00: 0x00000000
$01: 0x00000000
$02: 0x00000000
$03: 0x0000A5C3
$04: 0x00000885
$05: 0x00000000
$06: 0xAAAAAAAA
$07: 0xFFFFA712
$08: 0xEBCDABCD
$09: 0x0000A702
$10: 0x00000006
$11: 0xFFFFC8A7
$12: 0x00000001
$13: 0x00000000
$14: 0x00000000
$15: 0x00000000
$16: 0x00000000
$17: 0x00000000
$18: 0x00000000
$19: 0x00000000
$20: 0x00000000
$21: 0x00000000
$22: 0x00000000
$23: 0x00000000
$24: 0x00000000
$25: 0x00000000
$26: 0x00000000
$27: 0x00000000
$28: 0x00000000
$29: 0x00000200
$30: 0x00000000
$31: 0x00000000
PC: 0x00000030


cycle 73
$00: 0x00000000
$01: 0x00000000
$02: 0x00000000
$03: 0x0000A5C3
$04: 0x00000885
$05: 0x00000000
$06: 0xAAAAAAAA
$07: 0xFFFFA712
$08: 0xEBCDABCD
$09: 0x0000A702
$10: 0x00000006
$11: 0xFFFFC8A7
$12: 0x00000001
$13: 0x00000000
$14: 0x00000000
$15: 0x00000000
$16: 0x00000000
$17: 0x00000000
$18: 0x00000000
$19: 0x00000000
$20: 0x00000000
$21: 0x00000000
$22: 0x00000000
$23: 0x00000000
$24: 0x00000000
$25: 0x00000000
$26: 0x00000000
$27: 0x00000000
$28: 0x00000000
$29: 0x00000200
$30: 0x00000000
$31: 0x00000000
PC: 0x00000034


cycle 74
$00: 0x00000000
$01: 0x00000000
$02: 0x00000000
$03: 0x0000A5C3
$04: 0x00000885
$05: 0x00000000
$06: 0xAAAAAAAA
$07: 0xFFFFA712
$08: 0xEBCDABCD
$09: 0x0000A702
$10: 0x00000006
$11: 0xFFFFC8A7
$12: 0x00000001
$13: 0x00000000
$14: 0x00000000
$15: 0x00000000
$16: 0x00000000
$17: 0x00000000
$18: 0x00000000
$19: 0x00000000
$20: 0x00000000
$21: 0x00000000
$22: 0x00000000
$23: 0x00000000
$24: 0x00000000
$25: 0x00000000
$26: 0x00000000
$27: 0x00000000
$28: 0x00000000
$29: 0x00000200
$30: 0x00000000
$31: 0x00000000
PC: 0x00000038


cycle 75
$00: 0x00000000
$01: 0x00000000
$02: 0x00000000
$03: 0x0000A5C3
$04: 0x00000885
$05: 0x00000000
$06: 0xAAAAAAAA
$07: 0xFFFFA712
$08: 0xEBCDABCD
$09: 0x0000A702
$10: 0x00000006
$11: 0xFFFF0000
$12: 0x00000001
$13: 0x00000000
$14: 0x00000000
$15: 0x00000000
$16: 0x00000000
$17: 0x00000000
$18: 0x00000000
$19: 0x00000000
$20: 0x00000000
$21: 0x00000000
$22: 0x00000000
$23: 0x00000000
$24: 0x00000000
$25: 0x00000000
$26: 0x00000000
$27: 0x00000000
$28: 0x00000000
$29: 0x00000200
$30: 0x00000000
$31: 0x00000000
PC: 0x0000003C


cycle 76
$00: 0x00000000
$01: 0x00000000
$02: 0x00000000
$03: 0x0000A5C3
$04: 0x00000885
$05: 0x00000000
$06: 0xAAAAAAAA
$07: 0xFFFFA712
$08: 0xEBCDABCD
$09: 0x0000A702
$10: 0x00000006
$11: 0xFFFFC8A7
$12: 0x00000001
$13: 0x00000000
$14: 0x00000000
$15: 0x00000000
$16: 0x00000000
$17: 0x00000000
$18: 0x00000000
$19: 0x00000000
$20: 0x00000000
$21: 0x00000000
$22: 0x00000000
$23: 0x00000000
$24: 0x00000000
$25: 0x00000000
$26: 0x00000000
$27: 0x00000000
$28: 0x00000000
$29: 0x00000200
$30: 0x00000000
$31: 0x00000000
PC: 0x00000040


cycle 77
$00: 0x00000000
$01: 0x00000000
$02: 0x00000000
$03: 0x0000A5C3
$04: 0x00000885
$05: 0x00000000
$06: 0xAAAAAAAA
$07: 0xFFFFA712
$08: 0xEBCDABCD
$09: 0x0000A702
$10: 0x00000007
$11: 0xFFFFC8A7
$12: 0x00000001
$13: 0x00000000
$14: 0x00000000
$15: 0x00000000
$16: 0x00000000
$17: 0x00000000
$18: 0x00000000
$19: 0x00000000
$20: 0x00000000
$21: 0x00000000
$22: 0x00000000
$23: 0x00000000
$24: 0x00000000
$25: 0x00000000
$26: 0x00000000
$27: 0x00000000
$28: 0x00000000
$29: 0x00000200
$30: 0x00000000
$31: 0x00000000
PC: 0x00000044


cycle 78
$00: 0x00000000
$01: 0x00000000
$02: 0x00000000
$03: 0x0000A5C3
$04: 0x00000885
$05: 0x00000000
$06: 0xAAAAAAAA
$07: 0xFFFFA712
$08: 0xEBCDABCD
$09: 0x0000A702
$10: 0x00000007
$11: 0xFFFFC8A7
$12: 0x00000001
$13: 0x00000000
$14: 0x00000000
$15: 0x00000000
$16: 0x00000000
$17: 0x00000000
$18: 0x00000000
$19: 0x00000000
$20: 0x00000000
$21: 0x00000000
$22: 0x00000000
$23: 0x00000000
$24: 0x00000000
$25: 0x00000000
$26: 0x00000000
$27: 0x00000000
$28: 0x00000000
$29: 0x00000200
$30: 0x00000000
$31: 0x00000000
PC: 0x00000048


cycle 79
$00: 0x00000000
$01: 0x00000000
$02: 0x00000000
$03: 0x0000A5C3
$04: 0x00000885
$05: 0x00000000
$06: 0xAAAAAAAA
$07: 0xFFFFA712
$08: 0xEBCDABCD
$09: 0x0000A702
$10: 0x00000007
$11: 0xFFFFC8A7
$12: 0x00000001
$13: 0x00000000
$14: 0x00000000
$15: 0x00000000
$16: 0x00000000
$17: 0x00000000
$18: 0x00000000
$19: 0x00000000
$20: 0x00000000
$21: 0x00000000
$22: 0x00000000
$23: 0x00000000
$24: 0x00000000
$25: 0x00000000
$26: 0x00000000
$27: 0x00000000
$28: 0x00000000
$29: 0x00000200
$30: 0x00000000
$31: 0x00000000
PC: 0x00000024


cycle 80
$00: 0x00000000
$01: 0x00000000
$02: 0x00000000
$03: 0x0000A5C3
$04: 0x00000885
$05: 0x00000000
$06: 0xAAAAAAAA
$07: 0xFFFFA712
$08: 0xEBCDABCD
$09: 0x0000A702
$10: 0x00000007
$11: 0xFFFFC8A7
$12: 0x00000001
$13: 0x00000000
$14: 0x00000000
$15: 0x00000000
$16: 0x00000000
$17: 0x00000000
$18: 0x00000000
$19: 0x00000000
$20: 0x00000000
$21: 0x00000000
$22: 0x00000000
$23: 0x00000000
$24: 0x00000000
$25: 0x00000000
$26: 0x00000000
$27: 0x00000000
$28: 0x00000000
$29: 0x00000200
$30: 0x00000000
$31: 0x00000000
PC: 0x00000028


cycle 81
$00: 0x00000000
$01: 0x00000000
$02: 0x00000000
$03: 0x0000A5C3
$04: 0x00000885
$05: 0x00000000
$06: 0xAAAAAAAA
$07: 0xFFFFA712
$08: 0xEBCDABCD
$09: 0x0000A702
$10: 0x00000007
$11: 0xFFFFC8A7
$12: 0x00000001
$13: 0x00000000
$14: 0x00000000
$15: 0x00000000
$16: 0x00000000
$17: 0x00000000
$18: 0x00000000
$19: 0x00000000
$20: 0x00000000
$21: 0x00000000
$22: 0x00000000
$23: 0x00000000
$24: 0x00000000
$25: 0x00000000
$26: 0x00000000
$27: 0x00000000
$28: 0x00000000
$29: 0x00000200
$30: 0x00000000
$31: 0x00000000
PC: 0x0000002C


cycle 82
$00: 0x00000000
$01: 0x00000000
$02: 0x00000000
$03: 0x0000A5C3
$04: 0x00000885
$05: 0x00000000
$06: 0xAAAAAAAA
$07: 0xFFFFA712
$08: 0xEBCDABCD
$09: 0x0000A702
$10: 0x00000007
$11: 0xFFFFC8A7
$12: 0x00000001
$13: 0x00000000
$14: 0x00000000
$15: 0x00000000
$16: 0x00000000
$17: 0x00000000
$18: 0x00000000
$19: 0x00000000
$20: 0x00000000
$21: 0x00000000
$22: 0x00000000
$23: 0x00000000
$24: 0x00000000
$25: 0x00000000
$26: 0x00000000
$27: 0x00000000
$28: 0x00000000
$29: 0x00000200
$30: 0x00000000
$31: 0x00000000
PC: 0x00000030


cycle 83
$00: 0x00000000
$01: 0x00000000
$02: 0x00000000
$03: 0x0000A5C3
$04: 0x00000885
$05: 0x00000000
$06: 0xAAAAAAAA
$07: 0xFFFFA712
$08: 0xEBCDABCD
$09: 0x0000A702
$10: 0x00000007
$11: 0xFFFFC8A7
$12: 0x00000001
$13: 0x00000000
$14: 0x00000000
$15: 0x00000000
$16: 0x00000000
$17: 0x00000000
$18: 0x00000000
$19: 0x00000000
$20: 0x00000000
$21: 0x00000000
$22: 0x00000000
$23: 0x00000000
$24: 0x00000000
$25: 0x00000000
$26: 0x00000000
$27: 0x00000000
$28: 0x00000000
$29: 0x00000200
$30: 0x00000000
$31: 0x00000000
PC: 0x00000034


cycle 84
$00: 0x00000000
$01: 0x00000000
$02: 0x00000000
$03: 0x0000A5C3
$04: 0x00000885
$05: 0x00000000
$06: 0xAAAAAAAA
$07: 0xFFFFA712
$08: 0xEBCDABCD
$09: 0x0000A702
$10: 0x00000007
$11: 0xFFFFC8A7
$12: 0x00000001
$13: 0x00000000
$14: 0x00000000
$15: 0x00000000
$16: 0x00000000
$17: 0x00000000
$18: 0x00000000
$19: 0x00000000
$20: 0x00000000
$21: 0x00000000
$22: 0x00000000
$23: 0x00000000
$24: 0x00000000
$25: 0x00000000
$26: 0x00000000
$27: 0x00000000
$28: 0x00000000
$29: 0x00000200
$30: 0x00000000
$31: 0x00000000
PC: 0x00000038


cycle 85
$00: 0x00000000
$01: 0x00000000
$02: 0x00000000
$03: 0x0000A5C3
$04: 0x00000885
$05: 0x00000000
$06: 0xAAAAAAAA
$07: 0xFFFFA712
$08: 0xEBCDABCD
$09: 0x0000A702
$10: 0x00000007
$11: 0xFFFF0000
$12: 0x00000001
$13: 0x00000000
$14: 0x00000000
$15: 0x00000000
$16: 0x00000000
$17: 0x00000000
$18: 0x00000000
$19: 0x00000000
$20: 0x00000000
$21: 0x00000000
$22: 0x00000000
$23: 0x00000000
$24: 0x00000000
$25: 0x00000000
$26: 0x00000000
$27: 0x00000000
$28: 0x00000000
$29: 0x00000200
$30: 0x00000000
$31: 0x00000000
PC: 0x0000003C


cycle 86
$00: 0x00000000
$01: 0x00000000
$02: 0x00000000
$03: 0x0000A5C3
$04: 0x00000885
$05: 0x00000000
$06: 0xAAAAAAAA
$07: 0xFFFFA712
$08: 0xEBCDABCD
$09: 0x0000A702
$10: 0x00000007
$11: 0xFFFFC8A7
$12: 0x00000001
$13: 0x00000000
$14: 0x00000000
$15: 0x00000000
$16: 0x00000000
$17: 0x00000000
$18: 0x00000000
$19: 0x00000000
$20: 0x00000000
$21: 0x00000000
$22: 0x00000000
$23: 0x00000000
$24: 0x00000000
$25: 0x00000000
$26: 0x00000000
$27: 0x00000000
$28: 0x00000000
$29: 0x00000200
$30: 0x00000000
$31: 0x00000000
PC: 0x00000040


cycle 87
$00: 0x00000000
$01: 0x00000000
$02: 0x00000000
$03: 0x0000A5C3
$04: 0x00000885
$05: 0x00000000
$06: 0xAAAAAAAA
$07: 0xFFFFA712
$08: 0xEBCDABCD
$09: 0x0000A702
$10: 0x00000008
$11: 0xFFFFC8A7
$12: 0x00000001
$13: 0x00000000
$14: 0x00000000
$15: 0x00000000
$16: 0x00000000
$17: 0x00000000
$18: 0x00000000
$19: 0x00000000
$20: 0x00000000
$21: 0x00000000
$22: 0x00000000
$23: 0x00000000
$24: 0x00000000
$25: 0x00000000
$26: 0x00000000
$27: 0x00000000
$28: 0x00000000
$29: 0x00000200
$30: 0x00000000
$31: 0x00000000
PC: 0x00000044


cycle 88
$00: 0x00000000
$01: 0x00000000
$02: 0x00000000
$03: 0x0000A5C3
$04: 0x00000885
$05: 0x00000000
$06: 0xAAAAAAAA
$07: 0xFFFFA712
$08: 0xEBCDABCD
$09: 0x0000A702
$10: 0x00000008
$11: 0xFFFFC8A7
$12: 0x00000001
$13: 0x00000000
$14: 0x00000000
$15: 0x00000000
$16: 0x00000000
$17: 0x00000000
$18: 0x00000000
$19: 0x00000000
$20: 0x00000000
$21: 0x00000000
$22: 0x00000000
$23: 0x00000000
$24: 0x00000000
$25: 0x00000000
$26: 0x00000000
$27: 0x00000000
$28: 0x00000000
$29: 0x00000200
$30: 0x00000000
$31: 0x00000000
PC: 0x00000048


cycle 89
$00: 0x00000000
$01: 0x00000000
$02: 0x00000000
$03: 0x0000A5C3
$04: 0x00000885
$05: 0x00000000
$06: 0xAAAAAAAA
$07: 0xFFFFA712
$08: 0xEBCDABCD
$09: 0x0000A702
$10: 0x00000008
$11: 0xFFFFC8A7
$12: 0x00000001
$13: 0x00000000
$14: 0x00000000
$15: 0x00000000
$16: 0x00000000
$17: 0x00000000
$18: 0x00000000
$19: 0x00000000
$20: 0x00000000
$21: 0x00000000
$22: 0x00000000
$23: 0x00000000
$24: 0x00000000
$25: 0x00000000
$26: 0x00000000
$27: 0x00000000
$28: 0x00000000
$29: 0x00000200
$30: 0x00000000
$31: 0x00000000
PC: 0x00000024


cycle 90
$00: 0x00000000
$01: 0x00000000
$02: 0x00000000
$03: 0x0000A5C3
$04: 0x00000885
$05: 0x00000000
$06: 0xAAAAAAAA
$07: 0xFFFFA712
$08: 0xEBCDABCD
$09: 0x0000A702
$10: 0x00000008
$11: 0xFFFFC8A7
$12: 0x00000001
$13: 0x00000000
$14: 0x00000000
$15: 0x00000000
$16: 0x00000000
$17: 0x00000000
$18: 0x00000000
$19: 0x00000000
$20: 0x00000000
$21: 0x00000000
$22: 0x00000000
$23: 0x00000000
$24: 0x00000000
$25: 0x00000000
$26: 0x00000000
$27: 0x00000000
$28: 0x00000000
$29: 0x00000200
$30: 0x00000000
$31: 0x00000000
PC: 0x00000028


cycle 91
$00: 0x00000000
$01: 0x00000000
$02: 0x00000000
$03: 0x0000A5C3
$04: 0x00000885
$05: 0x00000000
$06: 0xAAAAAAAA
$07: 0xFFFFA712
$08: 0xEBCDABCD
$09: 0x0000A702
$10: 0x00000008
$11: 0xFFFFC8A7
$12: 0x00000001
$13: 0x00000000
$14: 0x00000000
$15: 0x00000000
$16: 0x00000000
$17: 0x00000000
$18: 0x00000000
$19: 0x00000000
$20: 0x00000000
$21: 0x00000000
$22: 0x00000000
$23: 0x00000000
$24: 0x00000000
$25: 0x00000000
$26: 0x00000000
$27: 0x00000000
$28: 0x00000000
$29: 0x00000200
$30: 0x00000000
$31: 0x00000000
PC: 0x0000002C


cycle 92
$00: 0x00000000
$01: 0x00000000
$02: 0x00000000
$03: 0x0000A5C3
$04: 0x00000885
$05: 0x00000000
$06: 0xAAAAAAAA
$07: 0xFFFFA712
$08: 0xEBCDABCD
$09: 0x0000A702
$10: 0x00000008
$11: 0xFFFFC8A7
$12: 0x00000001
$13: 0x00000000
$14: 0x00000000
$15: 0x00000000
$16: 0x00000000
$17: 0x00000000
$18: 0x00000000
$19: 0x00000000
$20: 0x00000000
$21: 0x00000000
$22: 0x00000000
$23: 0x00000000
$24: 0x00000000
$25: 0x00000000
$26: 0x00000000
$27: 0x00000000
$28: 0x00000000
$29: 0x00000200
$30: 0x00000000
$31: 0x00000000
PC: 0x00000030


cycle 93
$00: 0x00000000
$01: 0x00000000
$02: 0x00000000
$03: 0x0000A5C3
$04: 0x00000885
$05: 0x00000000
$06: 0xAAAAAAAA
$07: 0xFFFFA712
$08: 0xEBCDABCD
$09: 0x0000A702
$10: 0x00000008
$11: 0xFFFFC8A7
$12: 0x00000001
$13: 0x00000000
$14: 0x00000000
$15: 0x00000000
$16: 0x00000000
$17: 0x00000000
$18: 0x00000000
$19: 0x00000000
$20: 0x00000000
$21: 0x00000000
$22: 0x00000000
$23: 0x00000000
$24: 0x00000000
$25: 0x00000000
$26: 0x00000000
$27: 0x00000000
$28: 0x00000000
$29: 0x00000200
$30: 0x00000000
$31: 0x00000000
PC: 0x00000034


cycle 94
$00: 0x00000000
$01: 0x00000000
$02: 0x00000000
$03: 0x0000A5C3
$04: 0x00000885
$05: 0x00000000
$06: 0xAAAAAAAA
$07: 0xFFFFA712
$08: 0xEBCDABCD
$09: 0x0000A702
$10: 0x00000008
$11: 0xFFFFC8A7
$12: 0x00000001
$13: 0x00000000
$14: 0x00000000
$15: 0x00000000
$16: 0x00000000
$17: 0x00000000
$18: 0x00000000
$19: 0x00000000
$20: 0x00000000
$21: 0x00000000
$22: 0x00000000
$23: 0x00000000
$24: 0x00000000
$25: 0x00000000
$26: 0x00000000
$27: 0x00000000
$28: 0x00000000
$29: 0x00000200
$30: 0x00000000
$31: 0x00000000
PC: 0x00000038


cycle 95
$00: 0x00000000
$01: 0x00000000
$02: 0x00000000
$03: 0x0000A5C3
$04: 0x00000885
$05: 0x00000000
$06: 0xAAAAAAAA
$07: 0xFFFFA712
$08: 0xEBCDABCD
$09: 0x0000A702
$10: 0x00000008
$11: 0xFFFF0000
$12: 0x00000001
$13: 0x00000000
$14: 0x00000000
$15: 0x00000000
$16: 0x00000000
$17: 0x00000000
$18: 0x00000000
$19: 0x00000000
$20: 0x00000000
$21: 0x00000000
$22: 0x00000000
$23: 0x00000000
$24: 0x00000000
$25: 0x00000000
$26: 0x00000000
$27: 0x00000000
$28: 0x00000000
$29: 0x00000200
$30: 0x00000000
$31: 0x00000000
PC: 0x0000003C


cycle 96
$00: 0x00000000
$01: 0x00000000
$02: 0x00000000
$03: 0x0000A5C3
$04: 0x00000885
$05: 0x00000000
$06: 0xAAAAAAAA
$07: 0xFFFFA712
$08: 0xEBCDABCD
$09: 0x0000A702
$10: 0x00000008
$11: 0xFFFFC8A7
$12: 0x00000001
$13: 0x00000000
$14: 0x00000000
$15: 0x00000000
$16: 0x00000000
$17: 0x00000000
$18: 0x00000000
$19: 0x00000000
$20: 0x00000000
$21: 0x00000000
$22: 0x00000000
$23: 0x00000000
$24: 0x00000000
$25: 0x00000000
$26: 0x00000000
$27: 0x00000000
$28: 0x00000000
$29: 0x00000200
$30: 0x00000000
$31: 0x00000000
PC: 0x00000040


cycle 97
$00: 0x00000000
$01: 0x00000000
$02: 0x00000000
$03: 0x0000A5C3
$04: 0x00000885
$05: 0x00000000
$06: 0xAAAAAAAA
$07: 0xFFFFA712
$08: 0xEBCDABCD
$09: 0x0000A702
$10: 0x00000009
$11: 0xFFFFC8A7
$12: 0x00000001
$13: 0x00000000
$14: 0x00000000
$15: 0x00000000
$16: 0x00000000
$17: 0x00000000
$18: 0x00000000
$19: 0x00000000
$20: 0x00000000
$21: 0x00000000
$22: 0x00000000
$23: 0x00000000
$24: 0x00000000
$25: 0x00000000
$26: 0x00000000
$27: 0x00000000
$28: 0x00000000
$29: 0x00000200
$30: 0x00000000
$31: 0x00000000
PC: 0x00000044


cycle 98
$00: 0x00000000
$01: 0x00000000
$02: 0x00000000
$03: 0x0000A5C3
$04: 0x00000885
$05: 0x00000000
$06: 0xAAAAAAAA
$07: 0xFFFFA712
$08: 0xEBCDABCD
$09: 0x0000A702
$10: 0x00000009
$11: 0xFFFFC8A7
$12: 0x00000001
$13: 0x00000000
$14: 0x00000000
$15: 0x00000000
$16: 0x00000000
$17: 0x00000000
$18: 0x00000000
$19: 0x00000000
$20: 0x00000000
$21: 0x00000000
$22: 0x00000000
$23: 0x00000000
$24: 0x00000000
$25: 0x00000000
$26: 0x00000000
$27: 0x00000000
$28: 0x00000000
$29: 0x00000200
$30: 0x00000000
$31: 0x00000000
PC: 0x00000048


cycle 99
$00: 0x00000000
$01: 0x00000000
$02: 0x00000000
$03: 0x0000A5C3
$04: 0x00000885
$05: 0x00000000
$06: 0xAAAAAAAA
$07: 0xFFFFA712
$08: 0xEBCDABCD
$09: 0x0000A702
$10: 0x00000009
$11: 0xFFFFC8A7
$12: 0x00000001
$13: 0x00000000
$14: 0x00000000
$15: 0x00000000
$16: 0x00000000
$17: 0x00000000
$18: 0x00000000
$19: 0x00000000
$20: 0x00000000
$21: 0x00000000
$22: 0x00000000
$23: 0x00000000
$24: 0x00000000
$25: 0x00000000
$26: 0x00000000
$27: 0x00000000
$28: 0x00000000
$29: 0x00000200
$30: 0x00000000
$31: 0x00000000
PC: 0x00000024


cycle 100
$00: 0x00000000
$01: 0x00000000
$02: 0x00000000
$03: 0x0000A5C3
$04: 0x00000885
$05: 0x00000000
$06: 0xAAAAAAAA
$07: 0xFFFFA712
$08: 0xEBCDABCD
$09: 0x0000A702
$10: 0x00000009
$11: 0xFFFFC8A7
$12: 0x00000001
$13: 0x00000000
$14: 0x00000000
$15: 0x00000000
$16: 0x00000000
$17: 0x00000000
$18: 0x00000000
$19: 0x00000000
$20: 0x00000000
$21: 0x00000000
$22: 0x00000000
$23: 0x00000000
$24: 0x00000000
$25: 0x00000000
$26: 0x00000000
$27: 0x00000000
$28: 0x00000000
$29: 0x00000200
$30: 0x00000000
$31: 0x00000000
PC: 0x00000028


cycle 101
$00: 0x00000000
$01: 0x00000000
$02: 0x00000000
$03: 0x0000A5C3
$04: 0x00000885
$05: 0x00000000
$06: 0xAAAAAAAA
$07: 0xFFFFA712
$08: 0xEBCDABCD
$09: 0x0000A702
$10: 0x00000009
$11: 0xFFFFC8A7
$12: 0x00000001
$13: 0x00000000
$14: 0x00000000
$15: 0x00000000
$16: 0x00000000
$17: 0x00000000
$18: 0x00000000
$19: 0x00000000
$20: 0x00000000
$21: 0x00000000
$22: 0x00000000
$23: 0x00000000
$24: 0x00000000
$25: 0x00000000
$26: 0x00000000
$27: 0x00000000
$28: 0x00000000
$29: 0x00000200
$30: 0x00000000
$31: 0x00000000
PC: 0x0000002C


cycle 102
$00: 0x00000000
$01: 0x00000000
$02: 0x00000000
$03: 0x0000A5C3
$04: 0x00000885
$05: 0x00000000
$06: 0xAAAAAAAA
$07: 0xFFFFA712
$08: 0xEBCDABCD
$09: 0x0000A702
$10: 0x00000009
$11: 0xFFFFC8A7
$12: 0x00000001
$13: 0x00000000
$14: 0x00000000
$15: 0x00000000
$16: 0x00000000
$17: 0x00000000
$18: 0x00000000
$19: 0x00000000
$20: 0x00000000
$21: 0x00000000
$22: 0x00000000
$23: 0x00000000
$24: 0x00000000
$25: 0x00000000
$26: 0x00000000
$27: 0x00000000
$28: 0x00000000
$29: 0x00000200
$30: 0x00000000
$31: 0x00000000
PC: 0x00000030


cycle 103
$00: 0x00000000
$01: 0x00000000
$02: 0x00000000
$03: 0x0000A5C3
$04: 0x00000885
$05: 0x00000000
$06: 0xAAAAAAAA
$07: 0xFFFFA712
$08: 0xEBCDABCD
$09: 0x0000A702
$10: 0x00000009
$11: 0xFFFFC8A7
$12: 0x00000001
$13: 0x00000000
$14: 0x00000000
$15: 0x00000000
$16: 0x00000000
$17: 0x00000000
$18: 0x00000000
$19: 0x00000000
$20: 0x00000000
$21: 0x00000000
$22: 0x00000000
$23: 0x00000000
$24: 0x00000000
$25: 0x00000000
$26: 0x00000000
$27: 0x00000000
$28: 0x00000000
$29: 0x00000200
$30: 0x00000000
$31: 0x00000000
PC: 0x00000034


cycle 104
$00: 0x00000000
$01: 0x00000000
$02: 0x00000000
$03: 0x0000A5C3
$04: 0x00000885
$05: 0x00000000
$06: 0xAAAAAAAA
$07: 0xFFFFA712
$08: 0xEBCDABCD
$09: 0x0000A702
$10: 0x00000009
$11: 0xFFFFC8A7
$12: 0x00000001
$13: 0x00000000
$14: 0x00000000
$15: 0x00000000
$16: 0x00000000
$17: 0x00000000
$18: 0x00000000
$19: 0x00000000
$20: 0x00000000
$21: 0x00000000
$22: 0x00000000
$23: 0x00000000
$24: 0x00000000
$25: 0x00000000
$26: 0x00000000
$27: 0x00000000
$28: 0x00000000
$29: 0x00000200
$30: 0x00000000
$31: 0x00000000
PC: 0x00000038


cycle 105
$00: 0x00000000
$01: 0x00000000
$02: 0x00000000
$03: 0x0000A5C3
$04: 0x00000885
$05: 0x00000000
$06: 0xAAAAAAAA
$07: 0xFFFFA712
$08: 0xEBCDABCD
$09: 0x0000A702
$10: 0x00000009
$11: 0xFFFF0000
$12: 0x00000001
$13: 0x00000000
$14: 0x00000000
$15: 0x00000000
$16: 0x00000000
$17: 0x00000000
$18: 0x00000000
$19: 0x00000000
$20: 0x00000000
$21: 0x00000000
$22: 0x00000000
$23: 0x00000000
$24: 0x00000000
$25: 0x00000000
$26: 0x00000000
$27: 0x00000000
$28: 0x00000000
$29: 0x00000200
$30: 0x00000000
$31: 0x00000000
PC: 0x0000003C


cycle 106
$00: 0x00000000
$01: 0x00000000
$02: 0x00000000
$03: 0x0000A5C3
$04: 0x00000885
$05: 0x00000000
$06: 0xAAAAAAAA
$07: 0xFFFFA712
$08: 0xEBCDABCD
$09: 0x0000A702
$10: 0x00000009
$11: 0xFFFFC8A7
$12: 0x00000001
$13: 0x00000000
$14: 0x00000000
$15: 0x00000000
$16: 0x00000000
$17: 0x00000000
$18: 0x00000000
$19: 0x00000000
$20: 0x00000000
$21: 0x00000000
$22: 0x00000000
$23: 0x00000000
$24: 0x00000000
$25: 0x00000000
$26: 0x00000000
$27: 0x00000000
$28: 0x00000000
$29: 0x00000200
$30: 0x00000000
$31: 0x00000000
PC: 0x00000040


cycle 107
$00: 0x00000000
$01: 0x00000000
$02: 0x00000000
$03: 0x0000A5C3
$04: 0x00000885
$05: 0x00000000
$06: 0xAAAAAAAA
$07: 0xFFFFA712
$08: 0xEBCDABCD
$09: 0x0000A702
$10: 0x0000000A
$11: 0xFFFFC8A7
$12: 0x00000001
$13: 0x00000000
$14: 0x00000000
$15: 0x00000000
$16: 0x00000000
$17: 0x00000000
$18: 0x00000000
$19: 0x00000000
$20: 0x00000000
$21: 0x00000000
$22: 0x00000000
$23: 0x00000000
$24: 0x00000000
$25: 0x00000000
$26: 0x00000000
$27: 0x00000000
$28: 0x00000000
$29: 0x00000200
$30: 0x00000000
$31: 0x00000000
PC: 0x00000044


cycle 108
$00: 0x00000000
$01: 0x00000000
$02: 0x00000000
$03: 0x0000A5C3
$04: 0x00000885
$05: 0x00000000
$06: 0xAAAAAAAA
$07: 0xFFFFA712
$08: 0xEBCDABCD
$09: 0x0000A702
$10: 0x0000000A
$11: 0xFFFFC8A7
$12: 0x00000000
$13: 0x00000000
$14: 0x00000000
$15: 0x00000000
$16: 0x00000000
$17: 0x00000000
$18: 0x00000000
$19: 0x00000000
$20: 0x00000000
$21: 0x00000000
$22: 0x00000000
$23: 0x00000000
$24: 0x00000000
$25: 0x00000000
$26: 0x00000000
$27: 0x00000000
$28: 0x00000000
$29: 0x00000200
$30: 0x00000000
$31: 0x00000000
PC: 0x00000048


cycle 109
$00: 0x00000000
$01: 0x00000000
$02: 0x00000000
$03: 0x0000A5C3
$04: 0x00000885
$05: 0x00000000
$06: 0xAAAAAAAA
$07: 0xFFFFA712
$08: 0xEBCDABCD
$09: 0x0000A702
$10: 0x0000000A
$11: 0xFFFFC8A7
$12: 0x00000000
$13: 0x00000000
$14: 0x00000000
$15: 0x00000000
$16: 0x00000000
$17: 0x00000000
$18: 0x00000000
$19: 0x00000000
$20: 0x00000000
$21: 0x00000000
$22: 0x00000000
$23: 0x00000000
$24: 0x00000000
$25: 0x00000000
$26: 0x00000000
$27: 0x00000000
$28: 0x00000000
$29: 0x00000200
$30: 0x00000000
$31: 0x00000000
PC: 0x0000004C


