Command line:
./run.sh gcc /home/chihmin/gem5/out 512 4 516
================= Hardcoded directories ==================
GEM5_DIR:                                     /home/chihmin/gem5
SPEC_DIR:                                     /home/chihmin/gem5/GEM5_SPEC2006
==================== Script inputs =======================
BENCHMARK:                                    gcc
OUTPUT_DIR:                                   /home/chihmin/gem5/out
==========================================================
Changing to SPEC benchmark runtime directory: /home/chihmin/gem5/GEM5_SPEC2006/bin


--------- Here goes nothing! Starting gem5! ------------


gem5 Simulator System.  http://gem5.org
gem5 is copyrighted software; use the --copyright option for details.

gem5 compiled Oct  4 2015 10:57:13
gem5 started Oct 16 2015 23:17:24
gem5 executing on vditest0
command line: /home/chihmin/gem5/build/ALPHA_MOESI_CMP_directory/gem5.fast --outdir=/home/chihmin/gem5/out /home/chihmin/gem5/configs/example/spec06_config.py --cpu-type=timing --cpu-clock 2GHz --mem-size=1024MB --caches --l1d_size=512kB --l1i_size=4kB --benchmark=gcc --benchmark_stdout=/home/chihmin/gem5/out/gcc_512kB_4kB.out --benchmark_stderr=/home/chihmin/gem5/out/gcc_512kB_4kB.err

Selected SPEC_CPU2006 benchmark
--> gcc
Process stdout file: /home/chihmin/gem5/out/gcc_512kB_4kB.out
Process stderr file: /home/chihmin/gem5/out/gcc_512kB_4kB.err
['403.gcc_base.alpha-gem5', '166.i', '-o', '166.s']
Global frequency set at 1000000000000 ticks per second
**** REAL SIMULATION ****
info: Entering event queue @ 0.  Starting simulation...
info: Increasing stack size by one page.
info: Increasing stack size by one page.
Exiting @ tick 29057600000 because target called exit()
